c:\users\bunyamin\source\repos\bankhub\bankhub\debug\bankhub.mainform.resources
c:\users\bunyamin\source\repos\bankhub\bankhub\debug\bankhub.menuform.resources
c:\users\bunyamin\source\repos\bankhub\bankhub\debug\bankhub.userlogin.resources
c:\users\bunyamın\source\repos\bankhub\bankhub\debug\vc141.pdb
c:\users\bunyamın\source\repos\bankhub\bankhub\debug\userlogın.obj
c:\users\bunyamın\source\repos\bankhub\bankhub\debug\menuform.obj
c:\users\bunyamın\source\repos\bankhub\bankhub\debug\maınform.obj
c:\users\bunyamın\source\repos\bankhub\bankhub\debug\conndb.obj
c:\users\bunyamın\source\repos\bankhub\bankhub\debug\.netframework,versıon=v4.0.assemblyattrıbutes.obj
c:\users\bunyamın\source\repos\bankhub\bankhub\debug\.netframework,versıon=v4.0.assemblyattrıbutes.asm
c:\users\bunyamın\source\repos\bankhub\bankhub\debug\bankhub.tlog\metagen.wrıte.1.tlog
c:\users\bunyamin\source\repos\bankhub\bankhub\debug\bankhub.vcxproj.generateresource.cache
c:\users\bunyamin\source\repos\bankhub\bankhub\debug\.netframework,version=v4.0.assemblyattributes.obj
c:\users\bunyamin\source\repos\bankhub\bankhub\debug\conndb.obj
c:\users\bunyamin\source\repos\bankhub\bankhub\debug\mainform.obj
c:\users\bunyamin\source\repos\bankhub\bankhub\debug\menuform.obj
c:\users\bunyamin\source\repos\bankhub\bankhub\debug\userlogin.obj
c:\users\bunyamin\source\repos\bankhub\bankhub\debug\vc141.pdb
c:\users\bunyamin\source\repos\bankhub\debug\bankhub.pdb
c:\users\bunyamin\source\repos\bankhub\bankhub\debug\bankhub.tlog\bankhub.write.1u.tlog
c:\users\bunyamin\source\repos\bankhub\bankhub\debug\bankhub.tlog\cl.command.1.tlog
c:\users\bunyamin\source\repos\bankhub\bankhub\debug\bankhub.tlog\cl.read.1.tlog
c:\users\bunyamin\source\repos\bankhub\bankhub\debug\bankhub.tlog\cl.write.1.tlog
c:\users\bunyamin\source\repos\bankhub\bankhub\debug\bankhub.tlog\link.10900-cvtres.read.1.tlog
c:\users\bunyamin\source\repos\bankhub\bankhub\debug\bankhub.tlog\link.10900-cvtres.write.1.tlog
c:\users\bunyamin\source\repos\bankhub\bankhub\debug\bankhub.tlog\link.10900-rc.read.1.tlog
c:\users\bunyamin\source\repos\bankhub\bankhub\debug\bankhub.tlog\link.10900-rc.write.1.tlog
c:\users\bunyamin\source\repos\bankhub\bankhub\debug\bankhub.tlog\link.10900.read.1.tlog
c:\users\bunyamin\source\repos\bankhub\bankhub\debug\bankhub.tlog\link.10900.write.1.tlog
c:\users\bunyamin\source\repos\bankhub\bankhub\debug\bankhub.tlog\link.12820-cvtres.read.1.tlog
c:\users\bunyamin\source\repos\bankhub\bankhub\debug\bankhub.tlog\link.12820-cvtres.write.1.tlog
c:\users\bunyamin\source\repos\bankhub\bankhub\debug\bankhub.tlog\link.12820-rc.read.1.tlog
c:\users\bunyamin\source\repos\bankhub\bankhub\debug\bankhub.tlog\link.12820-rc.write.1.tlog
c:\users\bunyamin\source\repos\bankhub\bankhub\debug\bankhub.tlog\link.12820.read.1.tlog
c:\users\bunyamin\source\repos\bankhub\bankhub\debug\bankhub.tlog\link.12820.write.1.tlog
c:\users\bunyamin\source\repos\bankhub\bankhub\debug\bankhub.tlog\link.9324-cvtres.read.1.tlog
c:\users\bunyamin\source\repos\bankhub\bankhub\debug\bankhub.tlog\link.9324-cvtres.write.1.tlog
c:\users\bunyamin\source\repos\bankhub\bankhub\debug\bankhub.tlog\link.9324-rc.read.1.tlog
c:\users\bunyamin\source\repos\bankhub\bankhub\debug\bankhub.tlog\link.9324-rc.write.1.tlog
c:\users\bunyamin\source\repos\bankhub\bankhub\debug\bankhub.tlog\link.9324.read.1.tlog
c:\users\bunyamin\source\repos\bankhub\bankhub\debug\bankhub.tlog\link.9324.write.1.tlog
c:\users\bunyamin\source\repos\bankhub\bankhub\debug\bankhub.tlog\link.command.1.tlog
c:\users\bunyamin\source\repos\bankhub\bankhub\debug\bankhub.tlog\link.read.1.tlog
c:\users\bunyamin\source\repos\bankhub\bankhub\debug\bankhub.tlog\link.write.1.tlog
c:\users\bunyamin\source\repos\bankhub\bankhub\debug\bankhub.tlog\metagen.read.1.tlog
c:\users\bunyamin\source\repos\bankhub\bankhub\debug\bankhub.tlog\metagen.write.1.tlog
c:\users\bunyamin\source\repos\bankhub\bankhub\debug\bankhub.tlog\mscorlıb.dll.metagen
c:\users\bunyamin\source\repos\bankhub\bankhub\debug\bankhub.tlog\system.data.dll.metagen
c:\users\bunyamin\source\repos\bankhub\bankhub\debug\bankhub.tlog\system.dll.metagen
c:\users\bunyamin\source\repos\bankhub\bankhub\debug\bankhub.tlog\system.drawıng.dll.metagen
c:\users\bunyamin\source\repos\bankhub\bankhub\debug\bankhub.tlog\system.wındows.forms.dll.metagen
c:\users\bunyamin\source\repos\bankhub\bankhub\debug\bankhub.tlog\system.xml.dll.metagen
c:\users\bunyamin\source\repos\bankhub\bankhub\debug\bankhub.tlog\clr.dll.bi
c:\users\bunyamin\source\repos\bankhub\bankhub\debug\bankhub.tlog\cluı.dll.bi
c:\users\bunyamin\source\repos\bankhub\bankhub\debug\bankhub.tlog\tzres.dll.bi
